This file contains any messages produced by compilers while
running configure, to aid debugging if configure makes a mistake.

It was created by Image Recognition configure 1.0, which was
generated by GNU Autoconf 2.69.  Invocation command line was

  $ ./configure 

## --------- ##
## Platform. ##
## --------- ##

hostname = hp2
uname -m = x86_64
uname -r = 2.6.1(0.305/5/3)
uname -s = CYGWIN_NT-10.0
uname -v = 2016-12-16 11:55

/usr/bin/uname -p = unknown
/bin/uname -X     = unknown

/bin/arch              = x86_64
/usr/bin/arch -k       = unknown
/usr/convex/getsysinfo = unknown
/usr/bin/hostinfo      = unknown
/bin/machine           = unknown
/usr/bin/oslevel       = unknown
/bin/universe          = unknown

PATH: /usr/local/bin
PATH: /usr/bin
PATH: /cygdrive/c/ProgramData/Oracle/Java/javapath
PATH: /cygdrive/c/WINDOWS/system32
PATH: /cygdrive/c/WINDOWS
PATH: /cygdrive/c/WINDOWS/System32/Wbem
PATH: /cygdrive/c/WINDOWS/System32/WindowsPowerShell/v1.0
PATH: /cygdrive/c/Program Files (x86)/ATI Technologies/ATI.ACE/Core-Static
PATH: /cygdrive/c/WINDOWS/System32/WindowsPowerShell/v1.0
PATH: /cygdrive/c/Python27
PATH: /cygdrive/c/opt/gtk/bin
PATH: /cygdrive/c/mingw/bin
PATH: /cygdrive/c/mingw/msys/1.0/bin
PATH: /cygdrive/c/WINDOWS/system32/config/systemprofile/.dnx/bin
PATH: /cygdrive/c/Program Files/Microsoft DNX/Dnvm
PATH: /cygdrive/c/Program Files/Microsoft SQL Server/130/Tools/Binn
PATH: /cygdrive/c/Program Files (x86)/Skype/Phone
PATH: /cygdrive/c/Program Files (x86)/GNU/GnuPG/pub
PATH: /cygdrive/c/Program Files (x86)/Windows Kits/10/Windows Performance Toolkit
PATH: /cygdrive/c/Program Files/Git/cmd
PATH: /cygdrive/c/Program Files (x86)/Calibre2
PATH: /cygdrive/c/Program Files/CMake/bin
PATH: /cygdrive/c/Users/peterglen/AppData/Local/Microsoft/WindowsApps
PATH: /cygdrive/c/Program Files (x86)/WordNet/3.0/bin
PATH: /usr/bin
PATH: /cygdrive/c/myutils
PATH: /cygdrive/c/bat
PATH: /usr/lib/lapack


## ----------- ##
## Core tests. ##
## ----------- ##

configure:2155: checking for a BSD-compatible install
configure:2223: result: /usr/bin/install -c
configure:2234: checking whether build environment is sane
configure:2289: result: yes
configure:2440: checking for a thread-safe mkdir -p
configure:2479: result: /usr/bin/mkdir -p
configure:2486: checking for gawk
configure:2502: found /usr/bin/gawk
configure:2513: result: gawk
configure:2524: checking whether make sets $(MAKE)
configure:2546: result: yes
configure:2575: checking whether make supports nested variables
configure:2592: result: yes
configure:2729: checking for gcc
configure:2745: found /usr/bin/gcc
configure:2756: result: gcc
configure:2985: checking for C compiler version
configure:2994: gcc --version >&5
gcc (GCC) 5.4.0
Copyright (C) 2015 Free Software Foundation, Inc.
This is free software; see the source for copying conditions.  There is NO
warranty; not even for MERCHANTABILITY or FITNESS FOR A PARTICULAR PURPOSE.

configure:3005: $? = 0
configure:2994: gcc -v >&5
Using built-in specs.
COLLECT_GCC=gcc
COLLECT_LTO_WRAPPER=/usr/lib/gcc/x86_64-pc-cygwin/5.4.0/lto-wrapper.exe
Target: x86_64-pc-cygwin
Configured with: /cygdrive/i/szsz/tmpp/gcc/gcc-5.4.0-1.x86_64/src/gcc-5.4.0/configure --srcdir=/cygdrive/i/szsz/tmpp/gcc/gcc-5.4.0-1.x86_64/src/gcc-5.4.0 --prefix=/usr --exec-prefix=/usr --localstatedir=/var --sysconfdir=/etc --docdir=/usr/share/doc/gcc --htmldir=/usr/share/doc/gcc/html -C --build=x86_64-pc-cygwin --host=x86_64-pc-cygwin --target=x86_64-pc-cygwin --without-libiconv-prefix --without-libintl-prefix --libexecdir=/usr/lib --enable-shared --enable-shared-libgcc --enable-static --enable-version-specific-runtime-libs --enable-bootstrap --enable-__cxa_atexit --with-dwarf2 --with-tune=generic --enable-languages=ada,c,c++,fortran,lto,objc,obj-c++ --enable-graphite --enable-threads=posix --enable-libatomic --enable-libcilkrts --enable-libgomp --enable-libitm --enable-libquadmath --enable-libquadmath-support --enable-libssp --enable-libada --enable-libgcj-sublibs --disable-java-awt --disable-symvers --with-ecj-jar=/usr/share/java/ecj.jar --with-gnu-ld --with-gnu-as --with-cloog-include=/usr/include/cloog-isl --without-libiconv-prefix --without-libintl-prefix --with-system-zlib --enable-linker-build-id --with-default-libstdcxx-abi=gcc4-compatible
Thread model: posix
gcc version 5.4.0 (GCC) 
configure:3005: $? = 0
configure:2994: gcc -V >&5
gcc: error: unrecognized command line option '-V'
gcc: fatal error: no input files
compilation terminated.
configure:3005: $? = 1
configure:2994: gcc -qversion >&5
gcc: error: unrecognized command line option '-qversion'
gcc: fatal error: no input files
compilation terminated.
configure:3005: $? = 1
configure:3025: checking whether the C compiler works
configure:3047: gcc    conftest.c  >&5
configure:3051: $? = 0
configure:3099: result: yes
configure:3102: checking for C compiler default output file name
configure:3104: result: a.exe
configure:3110: checking for suffix of executables
configure:3117: gcc -o conftest.exe    conftest.c  >&5
configure:3121: $? = 0
configure:3143: result: .exe
configure:3165: checking whether we are cross compiling
configure:3173: gcc -o conftest.exe    conftest.c  >&5
configure:3177: $? = 0
configure:3184: ./conftest.exe
configure:3188: $? = 0
configure:3203: result: no
configure:3208: checking for suffix of object files
configure:3230: gcc -c   conftest.c >&5
configure:3234: $? = 0
configure:3255: result: o
configure:3259: checking whether we are using the GNU C compiler
configure:3278: gcc -c   conftest.c >&5
configure:3278: $? = 0
configure:3287: result: yes
configure:3296: checking whether gcc accepts -g
configure:3316: gcc -c -g  conftest.c >&5
configure:3316: $? = 0
configure:3357: result: yes
configure:3374: checking for gcc option to accept ISO C89
configure:3437: gcc  -c -g -O2  conftest.c >&5
configure:3437: $? = 0
configure:3450: result: none needed
configure:3481: checking for style of include used by make
configure:3509: result: GNU
configure:3535: checking dependency style of gcc
configure:3646: result: none
configure:3661: checking whether make sets $(MAKE)
configure:3683: result: yes
configure:3739: checking for a Python interpreter with version >= 2.6
configure:3756: python -c import sys # split strings by '.' and convert to numeric. Append some zeros # because we need at least 4 digits for the hex conversion. # map returns an iterator in Python 3.0 and a list in 2.x minver = list(map(int, '2.6'.split('.'))) + [0, 0, 0] minverhex = 0 # xrange is not present in Python 3.0 and range returns an iterator for i in list(range(0, 4)): minverhex = (minverhex << 8) + minver[i] sys.exit(sys.hexversion < minverhex)
configure:3759: $? = 0
configure:3765: result: python
configure:3773: checking for python
configure:3791: found /usr/bin/python
configure:3803: result: /usr/bin/python
configure:3821: checking for python version
configure:3828: result: 2.7
configure:3840: checking for python platform
configure:3847: result: cygwin
configure:3873: checking for python script directory
configure:3908: result: ${prefix}/lib/python2.7/site-packages
configure:3917: checking for python extension module directory
configure:3952: result: ${exec_prefix}/lib/python2.7/site-packages
configure:3972: checking how to run the C preprocessor
configure:4003: gcc -E  conftest.c
configure:4003: $? = 0
configure:4017: gcc -E  conftest.c
conftest.c:11:28: fatal error: ac_nonexistent.h: No such file or directory
compilation terminated.
configure:4017: $? = 1
configure: failed program was:
| /* confdefs.h */
| #define PACKAGE_NAME "Image Recognition"
| #define PACKAGE_TARNAME "image-recognition"
| #define PACKAGE_VERSION "1.0"
| #define PACKAGE_STRING "Image Recognition 1.0"
| #define PACKAGE_BUGREPORT "peterglen99@gmail.com"
| #define PACKAGE_URL ""
| #define PACKAGE "image-recognition"
| #define VERSION "1.0"
| /* end confdefs.h.  */
| #include <ac_nonexistent.h>
configure:4042: result: gcc -E
configure:4062: gcc -E  conftest.c
configure:4062: $? = 0
configure:4076: gcc -E  conftest.c
conftest.c:11:28: fatal error: ac_nonexistent.h: No such file or directory
compilation terminated.
configure:4076: $? = 1
configure: failed program was:
| /* confdefs.h */
| #define PACKAGE_NAME "Image Recognition"
| #define PACKAGE_TARNAME "image-recognition"
| #define PACKAGE_VERSION "1.0"
| #define PACKAGE_STRING "Image Recognition 1.0"
| #define PACKAGE_BUGREPORT "peterglen99@gmail.com"
| #define PACKAGE_URL ""
| #define PACKAGE "image-recognition"
| #define VERSION "1.0"
| /* end confdefs.h.  */
| #include <ac_nonexistent.h>
configure:4105: checking for grep that handles long lines and -e
configure:4163: result: /usr/bin/grep
configure:4168: checking for egrep
configure:4230: result: /usr/bin/grep -E
configure:4235: checking for ANSI C header files
configure:4255: gcc -c -g -O2  conftest.c >&5
configure:4255: $? = 0
configure:4328: gcc -o conftest.exe -g -O2   conftest.c  >&5
configure:4328: $? = 0
configure:4328: ./conftest.exe
configure:4328: $? = 0
configure:4339: result: yes
configure:4352: checking for sys/types.h
configure:4352: gcc -c -g -O2  conftest.c >&5
configure:4352: $? = 0
configure:4352: result: yes
configure:4352: checking for sys/stat.h
configure:4352: gcc -c -g -O2  conftest.c >&5
configure:4352: $? = 0
configure:4352: result: yes
configure:4352: checking for stdlib.h
configure:4352: gcc -c -g -O2  conftest.c >&5
configure:4352: $? = 0
configure:4352: result: yes
configure:4352: checking for string.h
configure:4352: gcc -c -g -O2  conftest.c >&5
configure:4352: $? = 0
configure:4352: result: yes
configure:4352: checking for memory.h
configure:4352: gcc -c -g -O2  conftest.c >&5
configure:4352: $? = 0
configure:4352: result: yes
configure:4352: checking for strings.h
configure:4352: gcc -c -g -O2  conftest.c >&5
configure:4352: $? = 0
configure:4352: result: yes
configure:4352: checking for inttypes.h
configure:4352: gcc -c -g -O2  conftest.c >&5
configure:4352: $? = 0
configure:4352: result: yes
configure:4352: checking for stdint.h
configure:4352: gcc -c -g -O2  conftest.c >&5
configure:4352: $? = 0
configure:4352: result: yes
configure:4352: checking for unistd.h
configure:4352: gcc -c -g -O2  conftest.c >&5
configure:4352: $? = 0
configure:4352: result: yes
configure:4367: checking /usr/include/python2.7/Python.h usability
configure:4367: gcc -c -g -O2  conftest.c >&5
In file included from /usr/include/python2.7/Python.h:8:0,
                 from conftest.c:54:
/usr/include/python2.7/pyconfig.h:1193:0: warning: "_POSIX_C_SOURCE" redefined
 #define _POSIX_C_SOURCE 200112L
 ^
In file included from /usr/include/sys/config.h:5:0,
                 from /usr/include/_ansi.h:16,
                 from /usr/include/stdio.h:29,
                 from conftest.c:21:
/usr/include/sys/features.h:136:0: note: this is the location of the previous definition
 #define _POSIX_C_SOURCE  200809L
 ^
configure:4367: $? = 0
configure:4367: result: yes
configure:4367: checking /usr/include/python2.7/Python.h presence
configure:4367: gcc -E  conftest.c
configure:4367: $? = 0
configure:4367: result: yes
configure:4367: checking for /usr/include/python2.7/Python.h
configure:4367: result: yes
configure:4432: checking for pkg-config
configure:4450: found /usr/bin/pkg-config
configure:4462: result: /usr/bin/pkg-config
configure:4487: checking pkg-config is at least version 0.9.0
configure:4490: result: yes
configure:4573: checking for pkg-config
configure:4603: result: /usr/bin/pkg-config
configure:4628: checking pkg-config is at least version 0.7
configure:4631: result: yes
configure:4641: checking for GTK+ - version >= 2.0.0
configure:4751: gcc -o conftest.exe -g -O2 -D_REENTRANT -I/usr/include/gtk-2.0 -I/usr/lib/gtk-2.0/include -I/usr/include/pango-1.0 -I/usr/include/atk-1.0 -I/usr/include/cairo -I/usr/include/pixman-1 -I/usr/include/gdk-pixbuf-2.0 -I/usr/include/libpng16 -I/usr/include/pango-1.0 -I/usr/include/harfbuzz -I/usr/include/pango-1.0 -I/usr/include/glib-2.0 -I/usr/lib/glib-2.0/include -I/usr/include/freetype2 -I/usr/include/libpng16 -I/usr/include/freetype2 -I/usr/include/libpng16   conftest.c -lgtk-x11-2.0 -lgdk-x11-2.0 -lpangocairo-1.0 -latk-1.0 -lcairo -lgdk_pixbuf-2.0 -lgio-2.0 -lpangoft2-1.0 -lpango-1.0 -lgobject-2.0 -lglib-2.0 -lintl -lfontconfig -lfreetype  >&5
configure:4751: $? = 0
configure:4751: ./conftest.exe
configure:4751: $? = 0
configure:4765: result: yes (version 2.24.31)
configure:4889: checking for pkg-config
configure:4919: result: /usr/bin/pkg-config
configure:4944: checking pkg-config is at least version 0.16
configure:4947: result: yes
configure:4964: checking for PyGOBJ - version >= 3.0
configure:4991: result: no
configure:5109: checking that generated files are newer than configure
configure:5115: result: done
configure:5138: creating ./config.status

## ---------------------- ##
## Running config.status. ##
## ---------------------- ##

This file was extended by Image Recognition config.status 1.0, which was
generated by GNU Autoconf 2.69.  Invocation command line was

  CONFIG_FILES    = 
  CONFIG_HEADERS  = 
  CONFIG_LINKS    = 
  CONFIG_COMMANDS = 
  $ ./config.status 

on hp2

config.status:873: creating Makefile
config.status:873: creating pyimgrec/Makefile
config.status:873: creating config.h
config.status:1054: config.h is unchanged
config.status:1102: executing depfiles commands

## ---------------- ##
## Cache variables. ##
## ---------------- ##

ac_cv_c_compiler_gnu=yes
ac_cv_env_CC_set=
ac_cv_env_CC_value=
ac_cv_env_CFLAGS_set=
ac_cv_env_CFLAGS_value=
ac_cv_env_CPPFLAGS_set=
ac_cv_env_CPPFLAGS_value=
ac_cv_env_CPP_set=
ac_cv_env_CPP_value=
ac_cv_env_LDFLAGS_set=
ac_cv_env_LDFLAGS_value=
ac_cv_env_LIBS_set=
ac_cv_env_LIBS_value=
ac_cv_env_PKG_CONFIG_LIBDIR_set=
ac_cv_env_PKG_CONFIG_LIBDIR_value=
ac_cv_env_PKG_CONFIG_PATH_set=
ac_cv_env_PKG_CONFIG_PATH_value=
ac_cv_env_PKG_CONFIG_set=
ac_cv_env_PKG_CONFIG_value=
ac_cv_env_PYTHON_set=
ac_cv_env_PYTHON_value=
ac_cv_env_build_alias_set=
ac_cv_env_build_alias_value=
ac_cv_env_host_alias_set=
ac_cv_env_host_alias_value=
ac_cv_env_target_alias_set=
ac_cv_env_target_alias_value=
ac_cv_exeext=.exe
ac_cv_header__usr_include_python2_7_Python_h=yes
ac_cv_header_inttypes_h=yes
ac_cv_header_memory_h=yes
ac_cv_header_stdc=yes
ac_cv_header_stdint_h=yes
ac_cv_header_stdlib_h=yes
ac_cv_header_string_h=yes
ac_cv_header_strings_h=yes
ac_cv_header_sys_stat_h=yes
ac_cv_header_sys_types_h=yes
ac_cv_header_unistd_h=yes
ac_cv_objext=o
ac_cv_path_EGREP='/usr/bin/grep -E'
ac_cv_path_GREP=/usr/bin/grep
ac_cv_path_PYTHON=/usr/bin/python
ac_cv_path_ac_pt_PKG_CONFIG=/usr/bin/pkg-config
ac_cv_path_install='/usr/bin/install -c'
ac_cv_path_mkdir=/usr/bin/mkdir
ac_cv_prog_AWK=gawk
ac_cv_prog_CPP='gcc -E'
ac_cv_prog_ac_ct_CC=gcc
ac_cv_prog_cc_c89=
ac_cv_prog_cc_g=yes
ac_cv_prog_make_make_set=yes
am_cv_CC_dependencies_compiler_type=none
am_cv_make_support_nested_variables=yes
am_cv_pathless_PYTHON=python
am_cv_python_platform=cygwin
am_cv_python_pyexecdir='${exec_prefix}/lib/python2.7/site-packages'
am_cv_python_pythondir='${prefix}/lib/python2.7/site-packages'
am_cv_python_version=2.7

## ----------------- ##
## Output variables. ##
## ----------------- ##

ACLOCAL='${SHELL} /cygdrive/c/pgsrc/pgpygtk/pyimgrec/pyimg-012/missing aclocal-1.13'
AMDEPBACKSLASH='\'
AMDEP_FALSE='#'
AMDEP_TRUE=''
AMTAR='$${TAR-tar}'
AM_BACKSLASH='\'
AM_DEFAULT_V='$(AM_DEFAULT_VERBOSITY)'
AM_DEFAULT_VERBOSITY='1'
AM_V='$(V)'
AUTOCONF='${SHELL} /cygdrive/c/pgsrc/pgpygtk/pyimgrec/pyimg-012/missing autoconf'
AUTOHEADER='${SHELL} /cygdrive/c/pgsrc/pgpygtk/pyimgrec/pyimg-012/missing autoheader'
AUTOMAKE='${SHELL} /cygdrive/c/pgsrc/pgpygtk/pyimgrec/pyimg-012/missing automake-1.13'
AWK='gawk'
CC='gcc'
CCDEPMODE='depmode=none'
CFLAGS='-g -O2'
CPP='gcc -E'
CPPFLAGS=''
CYGPATH_W='cygpath -w'
DEFS='-DHAVE_CONFIG_H'
DEPDIR='.deps'
ECHO_C=''
ECHO_N='-n'
ECHO_T=''
EGREP='/usr/bin/grep -E'
EXEEXT='.exe'
GREP='/usr/bin/grep'
GTK_CFLAGS='-D_REENTRANT -I/usr/include/gtk-2.0 -I/usr/lib/gtk-2.0/include -I/usr/include/pango-1.0 -I/usr/include/atk-1.0 -I/usr/include/cairo -I/usr/include/pixman-1 -I/usr/include/gdk-pixbuf-2.0 -I/usr/include/libpng16 -I/usr/include/pango-1.0 -I/usr/include/harfbuzz -I/usr/include/pango-1.0 -I/usr/include/glib-2.0 -I/usr/lib/glib-2.0/include -I/usr/include/freetype2 -I/usr/include/libpng16 -I/usr/include/freetype2 -I/usr/include/libpng16'
GTK_LIBS='-lgtk-x11-2.0 -lgdk-x11-2.0 -lpangocairo-1.0 -latk-1.0 -lcairo -lgdk_pixbuf-2.0 -lgio-2.0 -lpangoft2-1.0 -lpango-1.0 -lgobject-2.0 -lglib-2.0 -lintl -lfontconfig -lfreetype'
INSTALL_DATA='${INSTALL} -m 644'
INSTALL_PROGRAM='${INSTALL}'
INSTALL_SCRIPT='${INSTALL}'
INSTALL_STRIP_PROGRAM='$(install_sh) -c -s'
LDFLAGS=''
LIBOBJS=''
LIBS=''
LTLIBOBJS=''
MAKEINFO='${SHELL} /cygdrive/c/pgsrc/pgpygtk/pyimgrec/pyimg-012/missing makeinfo'
MKDIR_P='/usr/bin/mkdir -p'
OBJEXT='o'
PACKAGE='image-recognition'
PACKAGE_BUGREPORT='peterglen99@gmail.com'
PACKAGE_NAME='Image Recognition'
PACKAGE_STRING='Image Recognition 1.0'
PACKAGE_TARNAME='image-recognition'
PACKAGE_URL=''
PACKAGE_VERSION='1.0'
PATH_SEPARATOR=':'
PKG_CONFIG='/usr/bin/pkg-config'
PKG_CONFIG_LIBDIR=''
PKG_CONFIG_PATH=''
PYGOBJ_CFLAGS=''
PYGOBJ_LIBS=''
PYTHON='/usr/bin/python'
PYTHON_EXEC_PREFIX='${exec_prefix}'
PYTHON_PLATFORM='cygwin'
PYTHON_PREFIX='${prefix}'
PYTHON_VERSION='2.7'
SET_MAKE=''
SHELL='/bin/sh'
STRIP=''
VERSION='1.0'
ac_ct_CC='gcc'
am__EXEEXT_FALSE='#'
am__EXEEXT_TRUE=''
am__fastdepCC_FALSE=''
am__fastdepCC_TRUE='#'
am__include='include'
am__isrc=''
am__leading_dot='.'
am__nodep='_no'
am__quote=''
am__tar='$${TAR-tar} chof - "$$tardir"'
am__untar='$${TAR-tar} xf -'
bindir='${exec_prefix}/bin'
build_alias=''
datadir='${datarootdir}'
datarootdir='${prefix}/share'
docdir='${datarootdir}/doc/${PACKAGE_TARNAME}'
dvidir='${docdir}'
exec_prefix='${prefix}'
host_alias=''
htmldir='${docdir}'
includedir='${prefix}/include'
infodir='${datarootdir}/info'
install_sh='${SHELL} /cygdrive/c/pgsrc/pgpygtk/pyimgrec/pyimg-012/install-sh'
libdir='${exec_prefix}/lib'
libexecdir='${exec_prefix}/libexec'
localedir='${datarootdir}/locale'
localstatedir='${prefix}/var'
mandir='${datarootdir}/man'
mkdir_p='$(MKDIR_P)'
oldincludedir='/usr/include'
pdfdir='${docdir}'
pkgpyexecdir='${pyexecdir}/image-recognition'
pkgpythondir='${pythondir}/image-recognition'
prefix='/usr/local'
program_transform_name='s,x,x,'
psdir='${docdir}'
pyexecdir='${exec_prefix}/lib/python2.7/site-packages'
pythondir='${prefix}/lib/python2.7/site-packages'
sbindir='${exec_prefix}/sbin'
sharedstatedir='${prefix}/com'
sysconfdir='${prefix}/etc'
target_alias=''

## ----------- ##
## confdefs.h. ##
## ----------- ##

/* confdefs.h */
#define PACKAGE_NAME "Image Recognition"
#define PACKAGE_TARNAME "image-recognition"
#define PACKAGE_VERSION "1.0"
#define PACKAGE_STRING "Image Recognition 1.0"
#define PACKAGE_BUGREPORT "peterglen99@gmail.com"
#define PACKAGE_URL ""
#define PACKAGE "image-recognition"
#define VERSION "1.0"
#define STDC_HEADERS 1
#define HAVE_SYS_TYPES_H 1
#define HAVE_SYS_STAT_H 1
#define HAVE_STDLIB_H 1
#define HAVE_STRING_H 1
#define HAVE_MEMORY_H 1
#define HAVE_STRINGS_H 1
#define HAVE_INTTYPES_H 1
#define HAVE_STDINT_H 1
#define HAVE_UNISTD_H 1
#define HAVE__USR_INCLUDE_PYTHON2_7_PYTHON_H 1

configure: exit 0
